<?xml version="1.0" encoding="UTF-8"?>
<testsuite name="first_serenity.features.search.LoginCucumberPage" tests="1" skipped="0" failures="0" errors="0" timestamp="2020-05-29T20:27:53" hostname="ANM-KIENNT69" time="18.325">
  <properties/>
  <testcase name="login_into_cucumber_page_should_show_the_project_page" classname="first_serenity.features.search.LoginCucumberPage" time="18.325"/>
  <system-out><![CDATA[]]></system-out>
  <system-err><![CDATA[SLF4J: Failed to load class "org.slf4j.impl.StaticLoggerBinder".
SLF4J: Defaulting to no-operation (NOP) logger implementation
SLF4J: See http://www.slf4j.org/codes.html#StaticLoggerBinder for further details.
May 30, 2020 3:27:54 AM org.openqa.selenium.remote.DesiredCapabilities chrome
INFO: Using `new ChromeOptions()` is preferred to `DesiredCapabilities.chrome()`
Starting ChromeDriver 83.0.4103.39 (ccbf011cb2d2b19b506d844400483861342c20cd-refs/branch-heads/4103@{#416}) on port 34459
Only local connections are allowed.
Please see https://chromedriver.chromium.org/security-considerations for suggestions on keeping ChromeDriver safe.
ChromeDriver was started successfully.
May 30, 2020 3:27:59 AM org.openqa.selenium.remote.ProtocolHandshake createSession
INFO: Detected dialect: W3C
]]></system-err>
</testsuite>
